{"numFailedTestSuites":0,"numFailedTests":0,"numPassedTestSuites":5,"numPassedTests":5,"numPendingTestSuites":0,"numPendingTests":0,"numRuntimeErrorTestSuites":0,"numTodoTests":0,"numTotalTestSuites":5,"numTotalTests":5,"openHandles":[],"snapshot":{"added":0,"didUpdate":false,"failure":false,"filesAdded":0,"filesRemoved":0,"filesRemovedList":[],"filesUnmatched":0,"filesUpdated":0,"matched":0,"total":0,"unchecked":0,"uncheckedKeysByFile":[],"unmatched":0,"updated":0},"startTime":1780157014416,"success":true,"testResults":[{"assertionResults":[{"ancestorTitles":["PrismaService"],"duration":20,"failing":false,"failureDetails":[],"failureMessages":[],"fullName":"PrismaService should be defined","invocations":1,"location":null,"numPassingAsserts":1,"retryReasons":[],"startAt":1780157016218,"status":"passed","title":"should be defined"}],"endTime":1780157016240,"message":"","name":"D:\\Projects\\Kirana\\server\\src\\prisma\\prisma.service.spec.ts","startTime":1780157015120,"status":"passed","summary":""},{"assertionResults":[{"ancestorTitles":["AuthController"],"duration":5,"failing":false,"failureDetails":[],"failureMessages":[],"fullName":"AuthController should be defined","invocations":1,"location":null,"numPassingAsserts":1,"retryReasons":[],"startAt":1780157016647,"status":"passed","title":"should be defined"}],"endTime":1780157016654,"message":"","name":"D:\\Projects\\Kirana\\server\\src\\auth\\auth.controller.spec.ts","startTime":1780157016258,"status":"passed","summary":""},{"assertionResults":[{"ancestorTitles":["AuthService"],"duration":4,"failing":false,"failureDetails":[],"failureMessages":[],"fullName":"AuthService should be defined","invocations":1,"location":null,"numPassingAsserts":1,"retryReasons":[],"startAt":1780157016836,"status":"passed","title":"should be defined"}],"endTime":1780157016841,"message":"","name":"D:\\Projects\\Kirana\\server\\src\\auth\\auth.service.spec.ts","startTime":1780157016662,"status":"passed","summary":""},{"assertionResults":[{"ancestorTitles":["UserService"],"duration":8,"failing":false,"failureDetails":[],"failureMessages":[],"fullName":"UserService should be defined","invocations":1,"location":null,"numPassingAsserts":1,"retryReasons":[],"startAt":1780157017001,"status":"passed","title":"should be defined"}],"endTime":1780157017011,"message":"","name":"D:\\Projects\\Kirana\\server\\src\\user\\user.service.spec.ts","startTime":1780157016848,"status":"passed","summary":""},{"assertionResults":[{"ancestorTitles":["AppController","root"],"duration":4,"failing":false,"failureDetails":[],"failureMessages":[],"fullName":"AppController root should return \"Hello World!\"","invocations":1,"location":null,"numPassingAsserts":1,"retryReasons":[],"startAt":1780157017148,"status":"passed","title":"should return \"Hello World!\""}],"endTime":1780157017153,"message":"","name":"D:\\Projects\\Kirana\\server\\src\\app.controller.spec.ts","startTime":1780157017017,"status":"passed","summary":""}],"wasInterrupted":false}
